<?xml version="1.0" encoding="UTF-8"?>
<!-- Generated by org.testng.reporters.JUnitReportReporter -->
<testsuite hostname="DESKTOP-KHFPL78" failures="0" tests="1" name="tests.PlaceOrderTest" time="21.739" errors="0" timestamp="2025-03-03T23:09:26 IST" skipped="0">
  <testcase classname="tests.PlaceOrderTest" name="testPlaceOrder" time="21.739"/>
</testsuite> <!-- tests.PlaceOrderTest -->
